<?xml version="1.0" encoding="UTF-8"?>
<!-- Generated by org.testng.reporters.JUnitXMLReporter -->
<testsuite ignored="0" hostname="GLOCAL-HO-108" failures="0" tests="2" name="Nopcommerce Login Regression Suite" time="25.422" errors="0" timestamp="2023-09-29T13:46:57 IST">
  <testcase classname="com.hrms.test.LoginRegressionSuite" name="verifyValidLogin" time="8.324"/>
  <testcase classname="com.hrms.test.LoginRegressionSuite" name="verifyInvalidLogin" time="5.825"/>
</testsuite> <!-- Nopcommerce Login Regression Suite -->
