<?xml version="1.0" encoding="UTF-8"?>
<testng-results ignored="0" total="2" passed="2" failed="0" skipped="0">
  <reporter-output>
  </reporter-output>
  <suite started-at="2023-09-29T14:53:02 IST" name="Default suite" finished-at="2023-09-29T14:53:33 IST" duration-ms="30793">
    <groups>
    </groups>
    <test started-at="2023-09-29T14:53:02 IST" name="Default test" finished-at="2023-09-29T14:53:33 IST" duration-ms="30793">
      <class name="com.hrms.test.DashboardRegressionSuite">
        <test-method is-config="true" signature="appLaunch()[pri:0, instance:com.hrms.test.DashboardRegressionSuite@22ff4249]" started-at="2023-09-29T14:53:02 IST" name="appLaunch" finished-at="2023-09-29T14:53:07 IST" duration-ms="5048" status="PASS">
          <reporter-output>
          </reporter-output>
        </test-method> <!-- appLaunch -->
        <test-method signature="verifycustomerOptionExist()[pri:0, instance:com.hrms.test.DashboardRegressionSuite@22ff4249]" started-at="2023-09-29T14:53:07 IST" name="verifycustomerOptionExist" finished-at="2023-09-29T14:53:18 IST" duration-ms="10251" status="PASS">
          <reporter-output>
          </reporter-output>
        </test-method> <!-- verifycustomerOptionExist -->
        <test-method is-config="true" signature="closeBrowser()[pri:0, instance:com.hrms.test.DashboardRegressionSuite@22ff4249]" started-at="2023-09-29T14:53:18 IST" name="closeBrowser" finished-at="2023-09-29T14:53:18 IST" duration-ms="271" status="PASS">
          <reporter-output>
          </reporter-output>
        </test-method> <!-- closeBrowser -->
        <test-method is-config="true" signature="appLaunch()[pri:0, instance:com.hrms.test.DashboardRegressionSuite@22ff4249]" started-at="2023-09-29T14:53:18 IST" name="appLaunch" finished-at="2023-09-29T14:53:22 IST" duration-ms="4200" status="PASS">
          <reporter-output>
          </reporter-output>
        </test-method> <!-- appLaunch -->
        <test-method signature="verifycustomerMoreOptionsExist()[pri:1, instance:com.hrms.test.DashboardRegressionSuite@22ff4249]" started-at="2023-09-29T14:53:22 IST" name="verifycustomerMoreOptionsExist" finished-at="2023-09-29T14:53:33 IST" duration-ms="10747" status="PASS">
          <reporter-output>
          </reporter-output>
        </test-method> <!-- verifycustomerMoreOptionsExist -->
        <test-method is-config="true" signature="closeBrowser()[pri:0, instance:com.hrms.test.DashboardRegressionSuite@22ff4249]" started-at="2023-09-29T14:53:33 IST" name="closeBrowser" finished-at="2023-09-29T14:53:33 IST" duration-ms="211" status="PASS">
          <reporter-output>
          </reporter-output>
        </test-method> <!-- closeBrowser -->
      </class> <!-- com.hrms.test.DashboardRegressionSuite -->
    </test> <!-- Default test -->
  </suite> <!-- Default suite -->
</testng-results>
