<?xml version="1.0" encoding="UTF-8"?>
<!-- Generated by org.testng.reporters.JUnitXMLReporter -->
<testsuite ignored="16" hostname="GLOCAL-HO-108" failures="0" tests="2" name="Default test" time="30.793" errors="0" timestamp="2023-09-29T14:53:33 IST">
  <testcase classname="com.hrms.test.DashboardRegressionSuite" name="verifycustomerOptionExist" time="10.251"/>
  <testcase classname="com.hrms.test.DashboardRegressionSuite" name="verifycustomerMoreOptionsExist" time="10.747"/>
  <testcase classname="com.hrms.test.DashboardRegressionSuite" name="verifysalesoption" time="0.0">
    <ignored/>
  </testcase> <!-- verifysalesoption -->
  <testcase classname="com.hrms.test.DashboardRegressionSuite" name="searchbyEmailCustomer" time="0.0">
    <ignored/>
  </testcase> <!-- searchbyEmailCustomer -->
  <testcase classname="com.hrms.test.DashboardRegressionSuite" name="addNewCoustomer" time="0.0">
    <ignored/>
  </testcase> <!-- addNewCoustomer -->
  <testcase classname="com.hrms.test.DashboardRegressionSuite" name="verifycatagoryoption" time="0.0">
    <ignored/>
  </testcase> <!-- verifycatagoryoption -->
  <testcase classname="com.hrms.test.DashboardRegressionSuite" name="searchLCustomer" time="0.0">
    <ignored/>
  </testcase> <!-- searchLCustomer -->
  <testcase classname="com.hrms.test.DashboardRegressionSuite" name="verifycatalogoption" time="0.0">
    <ignored/>
  </testcase> <!-- verifycatalogoption -->
  <testcase classname="com.hrms.test.DashboardRegressionSuite" name="verifynewcategoryoptionsearch" time="0.0">
    <ignored/>
  </testcase> <!-- verifynewcategoryoptionsearch -->
  <testcase classname="com.hrms.test.DashboardRegressionSuite" name="searchbycompanynm" time="0.0">
    <ignored/>
  </testcase> <!-- searchbycompanynm -->
  <testcase classname="com.hrms.test.DashboardRegressionSuite" name="verifycustomerroleaddtion" time="0.0">
    <ignored/>
  </testcase> <!-- verifycustomerroleaddtion -->
  <testcase classname="com.hrms.test.DashboardRegressionSuite" name="searchFCustomer" time="0.0">
    <ignored/>
  </testcase> <!-- searchFCustomer -->
  <testcase classname="com.hrms.test.DashboardRegressionSuite" name="verifyconfigurationoption" time="0.0">
    <ignored/>
  </testcase> <!-- verifyconfigurationoption -->
  <testcase classname="com.hrms.test.DashboardRegressionSuite" name="verifyproductoption" time="0.0">
    <ignored/>
  </testcase> <!-- verifyproductoption -->
  <testcase classname="com.hrms.test.DashboardRegressionSuite" name="verifycustomerroleoptionavalability" time="0.0">
    <ignored/>
  </testcase> <!-- verifycustomerroleoptionavalability -->
  <testcase classname="com.hrms.test.DashboardRegressionSuite" name="verifysystemoption" time="0.0">
    <ignored/>
  </testcase> <!-- verifysystemoption -->
  <testcase classname="com.hrms.test.DashboardRegressionSuite" name="verifypromotionoption" time="0.0">
    <ignored/>
  </testcase> <!-- verifypromotionoption -->
  <testcase classname="com.hrms.test.DashboardRegressionSuite" name="verifynewcategoryoption" time="0.0">
    <ignored/>
  </testcase> <!-- verifynewcategoryoption -->
</testsuite> <!-- Default test -->
