<?xml version="1.0" encoding="UTF-8"?>
<!-- Generated by org.testng.reporters.JUnitReportReporter -->
<testsuite hostname="GLOCAL-HO-108" failures="0" tests="18" name="com.hrms.test.DashboardRegressionSuite" time="30.728" errors="0" timestamp="2023-09-29T14:53:33 IST" skipped="16">
  <testcase classname="com.hrms.test.DashboardRegressionSuite" name="verifycustomerOptionExist" time="14.722"/>
  <testcase classname="com.hrms.test.DashboardRegressionSuite" name="verifycustomerMoreOptionsExist" time="16.006"/>
  <testcase classname="com.hrms.test.DashboardRegressionSuite" name="verifysalesoption">
    <skipped/>
  </testcase> <!-- verifysalesoption -->
  <testcase classname="com.hrms.test.DashboardRegressionSuite" name="searchbyEmailCustomer">
    <skipped/>
  </testcase> <!-- searchbyEmailCustomer -->
  <testcase classname="com.hrms.test.DashboardRegressionSuite" name="addNewCoustomer">
    <skipped/>
  </testcase> <!-- addNewCoustomer -->
  <testcase classname="com.hrms.test.DashboardRegressionSuite" name="verifycatagoryoption">
    <skipped/>
  </testcase> <!-- verifycatagoryoption -->
  <testcase classname="com.hrms.test.DashboardRegressionSuite" name="searchLCustomer">
    <skipped/>
  </testcase> <!-- searchLCustomer -->
  <testcase classname="com.hrms.test.DashboardRegressionSuite" name="verifycatalogoption">
    <skipped/>
  </testcase> <!-- verifycatalogoption -->
  <testcase classname="com.hrms.test.DashboardRegressionSuite" name="verifynewcategoryoptionsearch">
    <skipped/>
  </testcase> <!-- verifynewcategoryoptionsearch -->
  <testcase classname="com.hrms.test.DashboardRegressionSuite" name="searchbycompanynm">
    <skipped/>
  </testcase> <!-- searchbycompanynm -->
  <testcase classname="com.hrms.test.DashboardRegressionSuite" name="verifycustomerroleaddtion">
    <skipped/>
  </testcase> <!-- verifycustomerroleaddtion -->
  <testcase classname="com.hrms.test.DashboardRegressionSuite" name="searchFCustomer">
    <skipped/>
  </testcase> <!-- searchFCustomer -->
  <testcase classname="com.hrms.test.DashboardRegressionSuite" name="verifyconfigurationoption">
    <skipped/>
  </testcase> <!-- verifyconfigurationoption -->
  <testcase classname="com.hrms.test.DashboardRegressionSuite" name="verifyproductoption">
    <skipped/>
  </testcase> <!-- verifyproductoption -->
  <testcase classname="com.hrms.test.DashboardRegressionSuite" name="verifycustomerroleoptionavalability">
    <skipped/>
  </testcase> <!-- verifycustomerroleoptionavalability -->
  <testcase classname="com.hrms.test.DashboardRegressionSuite" name="verifysystemoption">
    <skipped/>
  </testcase> <!-- verifysystemoption -->
  <testcase classname="com.hrms.test.DashboardRegressionSuite" name="verifypromotionoption">
    <skipped/>
  </testcase> <!-- verifypromotionoption -->
  <testcase classname="com.hrms.test.DashboardRegressionSuite" name="verifynewcategoryoption">
    <skipped/>
  </testcase> <!-- verifynewcategoryoption -->
</testsuite> <!-- com.hrms.test.DashboardRegressionSuite -->
